<?xml version="1.0" encoding="UTF-8"?>
<testng-results ignored="0" total="5" passed="5" failed="0" skipped="0">
  <reporter-output>
    <line>
      <![CDATA[Message]]>
    </line>
    <line>
      <![CDATA[Web Launched and Website is loaded the logo image is displayed]]>
    </line>
    <line>
      <![CDATA[The Browser is zoomed out to 75% for entire website visibility]]>
    </line>
    <line>
      <![CDATA[Login is succesful and User entered the TAMS Dashobaord]]>
    </line>
    <line>
      <![CDATA[TAMSDairyOverview Validation]]>
    </line>
    <line>
      <![CDATA[Month:10]]>
    </line>
    <line>
      <![CDATA[Month:October]]>
    </line>
    <line>
      <![CDATA[This Year is :2024]]>
    </line>
    <line>
      <![CDATA[October 2024]]>
    </line>
    <line>
      <![CDATA[This Year is :2024]]>
    </line>
    <line>
      <![CDATA[-------------Date is above 10th-So, No correction is required------------------]]>
    </line>
    <line>
      <![CDATA[Date:15]]>
    </line>
    <line>
      <![CDATA[October 15, 2024]]>
    </line>
    <line>
      <![CDATA[The Monthdisplay expected is :October 2024]]>
    </line>
    <line>
      <![CDATA[The Daydisplay expected is :October 15, 2024]]>
    </line>
    <line>
      <![CDATA[The current day of the week is : Tuesday]]>
    </line>
    <line>
      <![CDATA[Month view Validation]]>
    </line>
    <line>
      <![CDATA[---First Tab of the Month view is : Sun Expected isSun]]>
    </line>
    <line>
      <![CDATA[---First Tab of the Month view is : Mon Expected isMon]]>
    </line>
    <line>
      <![CDATA[---First Tab of the Month view is : Tue Expected isTue]]>
    </line>
    <line>
      <![CDATA[---First Tab of the Month view is : Wed Expected isWed]]>
    </line>
    <line>
      <![CDATA[---First Tab of the Month view is : Thu Expected isThu]]>
    </line>
    <line>
      <![CDATA[---First Tab of the Month view is : Fri Expected isFri]]>
    </line>
    <line>
      <![CDATA[---First Tab of the Month view is : Sat Expected isSat]]>
    </line>
    <line>
      <![CDATA[Text in DATE Header is : October 2024 Expected is : October 2024]]>
    </line>
    <line>
      <![CDATA[Text in Table Header is : Tuesday Expected is : Tuesday]]>
    </line>
    <line>
      <![CDATA[Text in DATE Header is : October 15, 2024 Expected is : October 15, 2024]]>
    </line>
    <line>
      <![CDATA[Week view Validation]]>
    </line>
    <line>
      <![CDATA[---First Tab of week view is : Sun 10/13 Verified Partially with :Sun]]>
    </line>
    <line>
      <![CDATA[---First Tab of week view is : Mon 10/14 Verified Partially with :Mon]]>
    </line>
    <line>
      <![CDATA[---First Tab of week view is : Tue 10/15 Verified Partially with :Tue]]>
    </line>
    <line>
      <![CDATA[---First Tab of week view is : Wed 10/16 Verified Partially with :Wed]]>
    </line>
    <line>
      <![CDATA[---First Tab of week view is : Thu 10/17 Verified Partially with :Thu]]>
    </line>
    <line>
      <![CDATA[---First Tab of week view is : Fri 10/18 Verified Partially with :Fri]]>
    </line>
    <line>
      <![CDATA[---First Tab of week view is : Sat 10/19 Verified Partially with :Sat]]>
    </line>
    <line>
      <![CDATA[Text in DATE Header is : Oct 13 – 19, 2024 Is Partially Verified with Year number : 2024]]>
    </line>
    <line>
      <![CDATA[Text in DATE Header is : October 14, 2024 Is not Same as October 15, 2024]]>
    </line>
    <line>
      <![CDATA[Text in Table Header is : Monday Expected is : Monday]]>
    </line>
    <line>
      <![CDATA[Text in DATE Header is : October 15, 2024 Is Same as October 15, 2024 As it comes back to current day]]>
    </line>
    <line>
      <![CDATA[Text in DATE Header is : October 16, 2024 Is not Same as October 15, 2024]]>
    </line>
    <line>
      <![CDATA[Text in Table Header is : Wednesday Expected is : Wednesday]]>
    </line>
    <line>
      <![CDATA[Text in Table Header is : September 2024 Expected is : September]]>
    </line>
    <line>
      <![CDATA[Text in DATE Header is : October 2024 Expected is : October 2024 As it Comes back to the current Month]]>
    </line>
    <line>
      <![CDATA[Text in Table Header is : November 2024 Expected is : November]]>
    </line>
    <line>
      <![CDATA[TAMSDairyOverview Validation]]>
    </line>
    <line>
      <![CDATA[Given Date is selected and clicked upon :12]]>
    </line>
    <line>
      <![CDATA[The Header of the calender is verified to be : January 12, 2022 Selected date is : January 12, 2022]]>
    </line>
    <line>
      <![CDATA[Selction of given Month and Year is Done : Jan 2022]]>
    </line>
    <line>
      <![CDATA[The Header of the calender is verified to be : January 2022]]>
    </line>
    <line>
      <![CDATA[The Today button is Clicked]]>
    </line>
    <line>
      <![CDATA[Month:10]]>
    </line>
    <line>
      <![CDATA[Month:October]]>
    </line>
    <line>
      <![CDATA[This Year is :2024]]>
    </line>
    <line>
      <![CDATA[October 2024]]>
    </line>
    <line>
      <![CDATA[Month:10]]>
    </line>
    <line>
      <![CDATA[Month:October]]>
    </line>
    <line>
      <![CDATA[This Year is :2024]]>
    </line>
    <line>
      <![CDATA[October 2024]]>
    </line>
    <line>
      <![CDATA[The Header of the Calender is verifed with current month --- current month is :October 2024 Header of the calender is :October 2024]]>
    </line>
  </reporter-output>
  <suite started-at="2024-10-15T12:05:04 IST" name="Default suite" finished-at="2024-10-15T12:06:53 IST" duration-ms="108814">
    <groups>
      <group name="Login">
        <method signature="TAMSDairy.weblaunch()[pri:1, instance:Demo.TAMSProject.TAMSDairy@738dc9b]" name="weblaunch" class="Demo.TAMSProject.TAMSDairy"/>
        <method signature="TAMSDairy.zoomout75()[pri:2, instance:Demo.TAMSProject.TAMSDairy@738dc9b]" name="zoomout75" class="Demo.TAMSProject.TAMSDairy"/>
      </group> <!-- Login -->
    </groups>
    <test started-at="2024-10-15T12:05:04 IST" name="Default test" finished-at="2024-10-15T12:06:53 IST" duration-ms="108814">
      <class name="Demo.TAMSProject.TAMSDairy">
        <test-method signature="weblaunch()[pri:1, instance:Demo.TAMSProject.TAMSDairy@738dc9b]" started-at="2024-10-15T12:05:04 IST" name="weblaunch" finished-at="2024-10-15T12:05:41 IST" duration-ms="36797" status="PASS">
          <reporter-output>
            <line>
              <![CDATA[Message]]>
            </line>
            <line>
              <![CDATA[Web Launched and Website is loaded the logo image is displayed]]>
            </line>
          </reporter-output>
        </test-method> <!-- weblaunch -->
        <test-method signature="zoomout75()[pri:2, instance:Demo.TAMSProject.TAMSDairy@738dc9b]" started-at="2024-10-15T12:05:41 IST" name="zoomout75" finished-at="2024-10-15T12:05:42 IST" duration-ms="660" status="PASS">
          <reporter-output>
            <line>
              <![CDATA[The Browser is zoomed out to 75% for entire website visibility]]>
            </line>
          </reporter-output>
        </test-method> <!-- zoomout75 -->
        <test-method signature="login()[pri:3, instance:Demo.TAMSProject.TAMSDairy@738dc9b]" started-at="2024-10-15T12:05:42 IST" name="login" finished-at="2024-10-15T12:06:19 IST" duration-ms="37906" status="PASS">
          <reporter-output>
            <line>
              <![CDATA[Login is succesful and User entered the TAMS Dashobaord]]>
            </line>
          </reporter-output>
        </test-method> <!-- login -->
        <test-method signature="TAMSDairyOverview()[pri:4, instance:Demo.TAMSProject.TAMSDairy@738dc9b]" started-at="2024-10-15T12:06:19 IST" name="TAMSDairyOverview" finished-at="2024-10-15T12:06:31 IST" duration-ms="11202" status="PASS">
          <reporter-output>
            <line>
              <![CDATA[TAMSDairyOverview Validation]]>
            </line>
            <line>
              <![CDATA[Month:10]]>
            </line>
            <line>
              <![CDATA[Month:October]]>
            </line>
            <line>
              <![CDATA[This Year is :2024]]>
            </line>
            <line>
              <![CDATA[October 2024]]>
            </line>
            <line>
              <![CDATA[This Year is :2024]]>
            </line>
            <line>
              <![CDATA[-------------Date is above 10th-So, No correction is required------------------]]>
            </line>
            <line>
              <![CDATA[Date:15]]>
            </line>
            <line>
              <![CDATA[October 15, 2024]]>
            </line>
            <line>
              <![CDATA[The Monthdisplay expected is :October 2024]]>
            </line>
            <line>
              <![CDATA[The Daydisplay expected is :October 15, 2024]]>
            </line>
            <line>
              <![CDATA[The current day of the week is : Tuesday]]>
            </line>
            <line>
              <![CDATA[Month view Validation]]>
            </line>
            <line>
              <![CDATA[---First Tab of the Month view is : Sun Expected isSun]]>
            </line>
            <line>
              <![CDATA[---First Tab of the Month view is : Mon Expected isMon]]>
            </line>
            <line>
              <![CDATA[---First Tab of the Month view is : Tue Expected isTue]]>
            </line>
            <line>
              <![CDATA[---First Tab of the Month view is : Wed Expected isWed]]>
            </line>
            <line>
              <![CDATA[---First Tab of the Month view is : Thu Expected isThu]]>
            </line>
            <line>
              <![CDATA[---First Tab of the Month view is : Fri Expected isFri]]>
            </line>
            <line>
              <![CDATA[---First Tab of the Month view is : Sat Expected isSat]]>
            </line>
            <line>
              <![CDATA[Text in DATE Header is : October 2024 Expected is : October 2024]]>
            </line>
            <line>
              <![CDATA[Text in Table Header is : Tuesday Expected is : Tuesday]]>
            </line>
            <line>
              <![CDATA[Text in DATE Header is : October 15, 2024 Expected is : October 15, 2024]]>
            </line>
            <line>
              <![CDATA[Week view Validation]]>
            </line>
            <line>
              <![CDATA[---First Tab of week view is : Sun 10/13 Verified Partially with :Sun]]>
            </line>
            <line>
              <![CDATA[---First Tab of week view is : Mon 10/14 Verified Partially with :Mon]]>
            </line>
            <line>
              <![CDATA[---First Tab of week view is : Tue 10/15 Verified Partially with :Tue]]>
            </line>
            <line>
              <![CDATA[---First Tab of week view is : Wed 10/16 Verified Partially with :Wed]]>
            </line>
            <line>
              <![CDATA[---First Tab of week view is : Thu 10/17 Verified Partially with :Thu]]>
            </line>
            <line>
              <![CDATA[---First Tab of week view is : Fri 10/18 Verified Partially with :Fri]]>
            </line>
            <line>
              <![CDATA[---First Tab of week view is : Sat 10/19 Verified Partially with :Sat]]>
            </line>
            <line>
              <![CDATA[Text in DATE Header is : Oct 13 – 19, 2024 Is Partially Verified with Year number : 2024]]>
            </line>
            <line>
              <![CDATA[Text in DATE Header is : October 14, 2024 Is not Same as October 15, 2024]]>
            </line>
            <line>
              <![CDATA[Text in Table Header is : Monday Expected is : Monday]]>
            </line>
            <line>
              <![CDATA[Text in DATE Header is : October 15, 2024 Is Same as October 15, 2024 As it comes back to current day]]>
            </line>
            <line>
              <![CDATA[Text in DATE Header is : October 16, 2024 Is not Same as October 15, 2024]]>
            </line>
            <line>
              <![CDATA[Text in Table Header is : Wednesday Expected is : Wednesday]]>
            </line>
            <line>
              <![CDATA[Text in Table Header is : September 2024 Expected is : September]]>
            </line>
            <line>
              <![CDATA[Text in DATE Header is : October 2024 Expected is : October 2024 As it Comes back to the current Month]]>
            </line>
            <line>
              <![CDATA[Text in Table Header is : November 2024 Expected is : November]]>
            </line>
          </reporter-output>
        </test-method> <!-- TAMSDairyOverview -->
        <test-method signature="TAMSDairyDatepicking()[pri:5, instance:Demo.TAMSProject.TAMSDairy@738dc9b]" started-at="2024-10-15T12:06:31 IST" name="TAMSDairyDatepicking" finished-at="2024-10-15T12:06:53 IST" duration-ms="22171" status="PASS">
          <reporter-output>
            <line>
              <![CDATA[TAMSDairyOverview Validation]]>
            </line>
            <line>
              <![CDATA[Given Date is selected and clicked upon :12]]>
            </line>
            <line>
              <![CDATA[The Header of the calender is verified to be : January 12, 2022 Selected date is : January 12, 2022]]>
            </line>
            <line>
              <![CDATA[Selction of given Month and Year is Done : Jan 2022]]>
            </line>
            <line>
              <![CDATA[The Header of the calender is verified to be : January 2022]]>
            </line>
            <line>
              <![CDATA[The Today button is Clicked]]>
            </line>
            <line>
              <![CDATA[Month:10]]>
            </line>
            <line>
              <![CDATA[Month:October]]>
            </line>
            <line>
              <![CDATA[This Year is :2024]]>
            </line>
            <line>
              <![CDATA[October 2024]]>
            </line>
            <line>
              <![CDATA[Month:10]]>
            </line>
            <line>
              <![CDATA[Month:October]]>
            </line>
            <line>
              <![CDATA[This Year is :2024]]>
            </line>
            <line>
              <![CDATA[October 2024]]>
            </line>
            <line>
              <![CDATA[The Header of the Calender is verifed with current month --- current month is :October 2024 Header of the calender is :October 2024]]>
            </line>
          </reporter-output>
        </test-method> <!-- TAMSDairyDatepicking -->
      </class> <!-- Demo.TAMSProject.TAMSDairy -->
    </test> <!-- Default test -->
  </suite> <!-- Default suite -->
</testng-results>
