<?xml version="1.0" encoding="UTF-8"?>
<testng-results ignored="0" total="6" passed="6" failed="0" skipped="0">
  <reporter-output>
    <line>
      <![CDATA[Message]]>
    </line>
    <line>
      <![CDATA[Web Launched and Website is loaded the logo image is displayed]]>
    </line>
    <line>
      <![CDATA[The Browser is zoomed out to 75% for entire website visibility]]>
    </line>
    <line>
      <![CDATA[Login is succesful and User entered the TAMS Dashobaord]]>
    </line>
    <line>
      <![CDATA[Message]]>
    </line>
    <line>
      <![CDATA[Card Block 1 is verified with :Dockets]]>
    </line>
    <line>
      <![CDATA[Card Block 2 is verified with :Contacts]]>
    </line>
    <line>
      <![CDATA[Card Block 3 is verified with :Passengers]]>
    </line>
    <line>
      <![CDATA[Card Block 4 is verified with :Cost Price]]>
    </line>
    <line>
      <![CDATA[Card Block 5 is verified with :Sale Price]]>
    </line>
    <line>
      <![CDATA[Card Block 6 is verified with :Commission]]>
    </line>
    <line>
      <![CDATA[Card Block 7 is verified with :Payments Done]]>
    </line>
    <line>
      <![CDATA[Card Block 8 is verified with :Pending Payments]]>
    </line>
    <line>
      <![CDATA[Dash Board Legend Text is verified with :Refine By]]>
    </line>
    <line>
      <![CDATA[Select Bar presence following Agent text is verified]]>
    </line>
    <line>
      <![CDATA[Select Bar presence following Airlines text is verified]]>
    </line>
    <line>
      <![CDATA[Presence of Date Range text is verified]]>
    </line>
    <line>
      <![CDATA[Presence of Input following the Date Range text is verified]]>
    </line>
    <line>
      <![CDATA[The Base Structure is verified]]>
    </line>
    <line>
      <![CDATA[Message]]>
    </line>
    <line>
      <![CDATA[Agent selected is :Super  Administrator space check]]>
    </line>
    <line>
      <![CDATA[The Default Dockets are21,205Dockets count after the selections is 0]]>
    </line>
    <line>
      <![CDATA[The Default Dockets are21,205Dockets count after the reset is 21,205]]>
    </line>
    <line>
      <![CDATA[Message]]>
    </line>
    <line>
      <![CDATA[Card Blocks verification started]]>
    </line>
    <line>
      <![CDATA[Agent selected is :Super  Administrator space check]]>
    </line>
    <line>
      <![CDATA[Expected : Docket Actual : Docket]]>
    </line>
    <line>
      <![CDATA[--  Dockets Table Header1 is : PNR # Expected is : PNR #]]>
    </line>
    <line>
      <![CDATA[--  Dockets Table Header1 is : Contact Name Expected is : Contact Name]]>
    </line>
    <line>
      <![CDATA[--  Dockets TablesearchPlaceHolder is : Contact Name Expected is : Contact Name]]>
    </line>
    <line>
      <![CDATA[--  Dockets Table Header1 is : Created On Expected is : Created On]]>
    </line>
    <line>
      <![CDATA[--  Dockets Table Header1 is : Airline Expected is : Airline]]>
    </line>
    <line>
      <![CDATA[--  Dockets Table Header1 is : Agent Expected is : Agent]]>
    </line>
    <line>
      <![CDATA[--  Dockets Table Header1 is : Sales Price ($) Expected is : Sales Price ($)]]>
    </line>
    <line>
      <![CDATA[--  Dockets Table Header1 is : Cost Price ($) Expected is : Cost Price ($)]]>
    </line>
    <line>
      <![CDATA[--  Dockets Table Header1 is : Commision Price($) Expected is : Commision Price($)]]>
    </line>
    <line>
      <![CDATA[--  Dockets Table Header1 is : Payment Status Expected is : Payment Status]]>
    </line>
    <line>
      <![CDATA[------  Next button is not enabled by default showing Last page results]]>
    </line>
    <line>
      <![CDATA[------  Navigation Next is Verified]]>
    </line>
    <line>
      <![CDATA[------  Previous button is not enabled by default showing 1st page results]]>
    </line>
    <line>
      <![CDATA[------  Navigation Previous is Verified]]>
    </line>
    <line>
      <![CDATA[Expected : Contacts Actual : Contacts]]>
    </line>
    <line>
      <![CDATA[--  Contacts Table Header1 is : PNR Expected is : PNR]]>
    </line>
    <line>
      <![CDATA[--  Contacts Table Header1 is : Contact Name Expected is : Contact Name]]>
    </line>
    <line>
      <![CDATA[--  Contacts Table Header1 is : Email Expected is : Email]]>
    </line>
    <line>
      <![CDATA[--  Contacts Table Header1 is : Mobile Expected is : Mobile]]>
    </line>
    <line>
      <![CDATA[--  Contacts Table Header1 is : State Expected is : State]]>
    </line>
    <line>
      <![CDATA[--  Contacts Table Header1 is : Country Expected is : Country]]>
    </line>
    <line>
      <![CDATA[------  Next button is not enabled by default showing Last page results]]>
    </line>
    <line>
      <![CDATA[------  Navigation Next is Verified]]>
    </line>
    <line>
      <![CDATA[------  Previous button is not enabled by default showing 1st page results]]>
    </line>
    <line>
      <![CDATA[------  Navigation Previous is Verified]]>
    </line>
    <line>
      <![CDATA[Expected : Passengers Actual : Passengers]]>
    </line>
    <line>
      <![CDATA[--  Passenger Table Header1 is : PNR Expected is : PNR]]>
    </line>
    <line>
      <![CDATA[--  Passengers Table Header1 is : Passenger Name Expected is : Passenger Name]]>
    </line>
    <line>
      <![CDATA[--  Passengers Table Header1 is : Date of Birth Expected is : Date of Birth]]>
    </line>
    <line>
      <![CDATA[--  Passengers Table Header1 is : Email Expected is : Email]]>
    </line>
    <line>
      <![CDATA[--  Passengers Table Header1 is : Mobile Expected is : Mobile]]>
    </line>
    <line>
      <![CDATA[------  Next button is not enabled by default showing Last page results]]>
    </line>
    <line>
      <![CDATA[------  Navigation Next is Verified]]>
    </line>
    <line>
      <![CDATA[------  Previous button is not enabled by default showing 1st page results]]>
    </line>
    <line>
      <![CDATA[------  Navigation Previous is Verified]]>
    </line>
    <line>
      <![CDATA[Expected : Docket Actual : Docket]]>
    </line>
    <line>
      <![CDATA[--  Dockets Table Header1 is : PNR # Expected is : PNR #]]>
    </line>
    <line>
      <![CDATA[--  Dockets Table Header1 is : Contact Name Expected is : Contact Name]]>
    </line>
    <line>
      <![CDATA[--  Dockets TablesearchPlaceHolder is : Contact Name Expected is : Contact Name]]>
    </line>
    <line>
      <![CDATA[--  Dockets Table Header1 is : Created On Expected is : Created On]]>
    </line>
    <line>
      <![CDATA[--  Dockets Table Header1 is : Airline Expected is : Airline]]>
    </line>
    <line>
      <![CDATA[--  Dockets Table Header1 is : Agent Expected is : Agent]]>
    </line>
    <line>
      <![CDATA[--  Dockets Table Header1 is : Sales Price ($) Expected is : Sales Price ($)]]>
    </line>
    <line>
      <![CDATA[--  Dockets Table Header1 is : Cost Price ($) Expected is : Cost Price ($)]]>
    </line>
    <line>
      <![CDATA[--  Dockets Table Header1 is : Commision Price($) Expected is : Commision Price($)]]>
    </line>
    <line>
      <![CDATA[--  Dockets Table Header1 is : Payment Status Expected is : Payment Status]]>
    </line>
    <line>
      <![CDATA[------  Next button is not enabled by default showing Last page results]]>
    </line>
    <line>
      <![CDATA[------  Navigation Next is Verified]]>
    </line>
    <line>
      <![CDATA[------  Previous button is not enabled by default showing 1st page results]]>
    </line>
    <line>
      <![CDATA[------  Navigation Previous is Verified]]>
    </line>
    <line>
      <![CDATA[Expected : Docket Actual : Docket]]>
    </line>
    <line>
      <![CDATA[--  Dockets Table Header1 is : PNR # Expected is : PNR #]]>
    </line>
    <line>
      <![CDATA[--  Dockets Table Header1 is : Contact Name Expected is : Contact Name]]>
    </line>
    <line>
      <![CDATA[--  Dockets TablesearchPlaceHolder is : Contact Name Expected is : Contact Name]]>
    </line>
    <line>
      <![CDATA[--  Dockets Table Header1 is : Created On Expected is : Created On]]>
    </line>
    <line>
      <![CDATA[--  Dockets Table Header1 is : Airline Expected is : Airline]]>
    </line>
    <line>
      <![CDATA[--  Dockets Table Header1 is : Agent Expected is : Agent]]>
    </line>
    <line>
      <![CDATA[--  Dockets Table Header1 is : Sales Price ($) Expected is : Sales Price ($)]]>
    </line>
    <line>
      <![CDATA[--  Dockets Table Header1 is : Cost Price ($) Expected is : Cost Price ($)]]>
    </line>
    <line>
      <![CDATA[--  Dockets Table Header1 is : Commision Price($) Expected is : Commision Price($)]]>
    </line>
    <line>
      <![CDATA[--  Dockets Table Header1 is : Payment Status Expected is : Payment Status]]>
    </line>
    <line>
      <![CDATA[------  Next button is not enabled by default showing Last page results]]>
    </line>
    <line>
      <![CDATA[------  Navigation Next is Verified]]>
    </line>
    <line>
      <![CDATA[------  Previous button is not enabled by default showing 1st page results]]>
    </line>
    <line>
      <![CDATA[------  Navigation Previous is Verified]]>
    </line>
    <line>
      <![CDATA[Expected : Docket Actual : Docket]]>
    </line>
    <line>
      <![CDATA[--  Dockets Table Header1 is : PNR # Expected is : PNR #]]>
    </line>
    <line>
      <![CDATA[--  Dockets Table Header1 is : Contact Name Expected is : Contact Name]]>
    </line>
    <line>
      <![CDATA[--  Dockets TablesearchPlaceHolder is : Contact Name Expected is : Contact Name]]>
    </line>
    <line>
      <![CDATA[--  Dockets Table Header1 is : Created On Expected is : Created On]]>
    </line>
    <line>
      <![CDATA[--  Dockets Table Header1 is : Airline Expected is : Airline]]>
    </line>
    <line>
      <![CDATA[--  Dockets Table Header1 is : Agent Expected is : Agent]]>
    </line>
    <line>
      <![CDATA[--  Dockets Table Header1 is : Sales Price ($) Expected is : Sales Price ($)]]>
    </line>
    <line>
      <![CDATA[--  Dockets Table Header1 is : Cost Price ($) Expected is : Cost Price ($)]]>
    </line>
    <line>
      <![CDATA[--  Dockets Table Header1 is : Commision Price($) Expected is : Commision Price($)]]>
    </line>
    <line>
      <![CDATA[--  Dockets Table Header1 is : Payment Status Expected is : Payment Status]]>
    </line>
    <line>
      <![CDATA[------  Next button is not enabled by default showing Last page results]]>
    </line>
    <line>
      <![CDATA[------  Navigation Next is Verified]]>
    </line>
    <line>
      <![CDATA[------  Previous button is not enabled by default showing 1st page results]]>
    </line>
    <line>
      <![CDATA[------  Navigation Previous is Verified]]>
    </line>
    <line>
      <![CDATA[Expected : Payments Done Actual : Payments Done]]>
    </line>
    <line>
      <![CDATA[--  Payment Table Header1 is : PNR Expected is : PNR]]>
    </line>
    <line>
      <![CDATA[--  Payment Table Header1 is : Contact Name Expected is : Contact Name]]>
    </line>
    <line>
      <![CDATA[--  Payment Table Header1 is : Payment Method Expected is : Payment Method]]>
    </line>
    <line>
      <![CDATA[--  Payment Table Header1 is : Payment Status Expected is : Payment Status]]>
    </line>
    <line>
      <![CDATA[--  Payment Table Header1 is : Pay Amount Expected is : Pay Amount]]>
    </line>
    <line>
      <![CDATA[------  Next button is not enabled by default showing Last page results]]>
    </line>
    <line>
      <![CDATA[------  Navigation Next is Verified]]>
    </line>
    <line>
      <![CDATA[------  Previous button is not enabled by default showing 1st page results]]>
    </line>
    <line>
      <![CDATA[------  Navigation Previous is Verified]]>
    </line>
    <line>
      <![CDATA[Expected : Pending Payments Actual : Pending Payments]]>
    </line>
    <line>
      <![CDATA[--  Payment Table Header1 is : PNR Expected is : PNR]]>
    </line>
    <line>
      <![CDATA[--  Payment Table Header1 is : Contact Name Expected is : Contact Name]]>
    </line>
    <line>
      <![CDATA[--  Payment Table Header1 is : Payment Method Expected is : Payment Method]]>
    </line>
    <line>
      <![CDATA[--  Payment Table Header1 is : Payment Status Expected is : Payment Status]]>
    </line>
    <line>
      <![CDATA[--  Payment Table Header1 is : Pay Amount Expected is : Pay Amount]]>
    </line>
    <line>
      <![CDATA[------  Next button is not enabled by default showing Last page results]]>
    </line>
    <line>
      <![CDATA[------  Navigation Next is Verified]]>
    </line>
    <line>
      <![CDATA[------  Previous button is not enabled by default showing 1st page results]]>
    </line>
    <line>
      <![CDATA[------  Navigation Previous is Verified]]>
    </line>
  </reporter-output>
  <suite started-at="2024-10-07T23:51:30 IST" name="Default suite" finished-at="2024-10-07T23:54:09 IST" duration-ms="158912">
    <groups>
      <group name="Login">
        <method signature="TAMSDashboard.weblaunch()[pri:1, instance:Demo.TAMSProject.TAMSDashboard@368247b9]" name="weblaunch" class="Demo.TAMSProject.TAMSDashboard"/>
        <method signature="TAMSDashboard.zoomout75()[pri:2, instance:Demo.TAMSProject.TAMSDashboard@368247b9]" name="zoomout75" class="Demo.TAMSProject.TAMSDashboard"/>
      </group> <!-- Login -->
    </groups>
    <test started-at="2024-10-07T23:51:30 IST" name="Default test" finished-at="2024-10-07T23:54:09 IST" duration-ms="158912">
      <class name="Demo.TAMSProject.TAMSDashboard">
        <test-method signature="weblaunch()[pri:1, instance:Demo.TAMSProject.TAMSDashboard@368247b9]" started-at="2024-10-07T23:51:30 IST" name="weblaunch" finished-at="2024-10-07T23:51:41 IST" duration-ms="10973" status="PASS">
          <reporter-output>
            <line>
              <![CDATA[Message]]>
            </line>
            <line>
              <![CDATA[Web Launched and Website is loaded the logo image is displayed]]>
            </line>
          </reporter-output>
        </test-method> <!-- weblaunch -->
        <test-method signature="zoomout75()[pri:2, instance:Demo.TAMSProject.TAMSDashboard@368247b9]" started-at="2024-10-07T23:51:42 IST" name="zoomout75" finished-at="2024-10-07T23:51:45 IST" duration-ms="3097" status="PASS">
          <reporter-output>
            <line>
              <![CDATA[The Browser is zoomed out to 75% for entire website visibility]]>
            </line>
          </reporter-output>
        </test-method> <!-- zoomout75 -->
        <test-method signature="login()[pri:3, instance:Demo.TAMSProject.TAMSDashboard@368247b9]" started-at="2024-10-07T23:51:45 IST" name="login" finished-at="2024-10-07T23:51:51 IST" duration-ms="6225" status="PASS">
          <reporter-output>
            <line>
              <![CDATA[Login is succesful and User entered the TAMS Dashobaord]]>
            </line>
          </reporter-output>
        </test-method> <!-- login -->
        <test-method signature="dashboardvalidation()[pri:4, instance:Demo.TAMSProject.TAMSDashboard@368247b9]" started-at="2024-10-07T23:51:51 IST" name="dashboardvalidation" finished-at="2024-10-07T23:51:52 IST" duration-ms="1343" status="PASS">
          <reporter-output>
            <line>
              <![CDATA[Message]]>
            </line>
            <line>
              <![CDATA[Card Block 1 is verified with :Dockets]]>
            </line>
            <line>
              <![CDATA[Card Block 2 is verified with :Contacts]]>
            </line>
            <line>
              <![CDATA[Card Block 3 is verified with :Passengers]]>
            </line>
            <line>
              <![CDATA[Card Block 4 is verified with :Cost Price]]>
            </line>
            <line>
              <![CDATA[Card Block 5 is verified with :Sale Price]]>
            </line>
            <line>
              <![CDATA[Card Block 6 is verified with :Commission]]>
            </line>
            <line>
              <![CDATA[Card Block 7 is verified with :Payments Done]]>
            </line>
            <line>
              <![CDATA[Card Block 8 is verified with :Pending Payments]]>
            </line>
            <line>
              <![CDATA[Dash Board Legend Text is verified with :Refine By]]>
            </line>
            <line>
              <![CDATA[Select Bar presence following Agent text is verified]]>
            </line>
            <line>
              <![CDATA[Select Bar presence following Airlines text is verified]]>
            </line>
            <line>
              <![CDATA[Presence of Date Range text is verified]]>
            </line>
            <line>
              <![CDATA[Presence of Input following the Date Range text is verified]]>
            </line>
            <line>
              <![CDATA[The Base Structure is verified]]>
            </line>
          </reporter-output>
        </test-method> <!-- dashboardvalidation -->
        <test-method signature="Agent_Airline_Daterange_SelectionsValidation()[pri:5, instance:Demo.TAMSProject.TAMSDashboard@368247b9]" started-at="2024-10-07T23:51:52 IST" name="Agent_Airline_Daterange_SelectionsValidation" finished-at="2024-10-07T23:52:13 IST" duration-ms="20966" status="PASS">
          <reporter-output>
            <line>
              <![CDATA[Message]]>
            </line>
            <line>
              <![CDATA[Agent selected is :Super  Administrator space check]]>
            </line>
            <line>
              <![CDATA[The Default Dockets are21,205Dockets count after the selections is 0]]>
            </line>
            <line>
              <![CDATA[The Default Dockets are21,205Dockets count after the reset is 21,205]]>
            </line>
          </reporter-output>
        </test-method> <!-- Agent_Airline_Daterange_SelectionsValidation -->
        <test-method signature="cardblockswithSelectionsValidation()[pri:6, instance:Demo.TAMSProject.TAMSDashboard@368247b9]" started-at="2024-10-07T23:52:13 IST" name="cardblockswithSelectionsValidation" finished-at="2024-10-07T23:54:09 IST" duration-ms="116078" status="PASS">
          <reporter-output>
            <line>
              <![CDATA[Message]]>
            </line>
            <line>
              <![CDATA[Card Blocks verification started]]>
            </line>
            <line>
              <![CDATA[Agent selected is :Super  Administrator space check]]>
            </line>
            <line>
              <![CDATA[Expected : Docket Actual : Docket]]>
            </line>
            <line>
              <![CDATA[--  Dockets Table Header1 is : PNR # Expected is : PNR #]]>
            </line>
            <line>
              <![CDATA[--  Dockets Table Header1 is : Contact Name Expected is : Contact Name]]>
            </line>
            <line>
              <![CDATA[--  Dockets TablesearchPlaceHolder is : Contact Name Expected is : Contact Name]]>
            </line>
            <line>
              <![CDATA[--  Dockets Table Header1 is : Created On Expected is : Created On]]>
            </line>
            <line>
              <![CDATA[--  Dockets Table Header1 is : Airline Expected is : Airline]]>
            </line>
            <line>
              <![CDATA[--  Dockets Table Header1 is : Agent Expected is : Agent]]>
            </line>
            <line>
              <![CDATA[--  Dockets Table Header1 is : Sales Price ($) Expected is : Sales Price ($)]]>
            </line>
            <line>
              <![CDATA[--  Dockets Table Header1 is : Cost Price ($) Expected is : Cost Price ($)]]>
            </line>
            <line>
              <![CDATA[--  Dockets Table Header1 is : Commision Price($) Expected is : Commision Price($)]]>
            </line>
            <line>
              <![CDATA[--  Dockets Table Header1 is : Payment Status Expected is : Payment Status]]>
            </line>
            <line>
              <![CDATA[------  Next button is not enabled by default showing Last page results]]>
            </line>
            <line>
              <![CDATA[------  Navigation Next is Verified]]>
            </line>
            <line>
              <![CDATA[------  Previous button is not enabled by default showing 1st page results]]>
            </line>
            <line>
              <![CDATA[------  Navigation Previous is Verified]]>
            </line>
            <line>
              <![CDATA[Expected : Contacts Actual : Contacts]]>
            </line>
            <line>
              <![CDATA[--  Contacts Table Header1 is : PNR Expected is : PNR]]>
            </line>
            <line>
              <![CDATA[--  Contacts Table Header1 is : Contact Name Expected is : Contact Name]]>
            </line>
            <line>
              <![CDATA[--  Contacts Table Header1 is : Email Expected is : Email]]>
            </line>
            <line>
              <![CDATA[--  Contacts Table Header1 is : Mobile Expected is : Mobile]]>
            </line>
            <line>
              <![CDATA[--  Contacts Table Header1 is : State Expected is : State]]>
            </line>
            <line>
              <![CDATA[--  Contacts Table Header1 is : Country Expected is : Country]]>
            </line>
            <line>
              <![CDATA[------  Next button is not enabled by default showing Last page results]]>
            </line>
            <line>
              <![CDATA[------  Navigation Next is Verified]]>
            </line>
            <line>
              <![CDATA[------  Previous button is not enabled by default showing 1st page results]]>
            </line>
            <line>
              <![CDATA[------  Navigation Previous is Verified]]>
            </line>
            <line>
              <![CDATA[Expected : Passengers Actual : Passengers]]>
            </line>
            <line>
              <![CDATA[--  Passenger Table Header1 is : PNR Expected is : PNR]]>
            </line>
            <line>
              <![CDATA[--  Passengers Table Header1 is : Passenger Name Expected is : Passenger Name]]>
            </line>
            <line>
              <![CDATA[--  Passengers Table Header1 is : Date of Birth Expected is : Date of Birth]]>
            </line>
            <line>
              <![CDATA[--  Passengers Table Header1 is : Email Expected is : Email]]>
            </line>
            <line>
              <![CDATA[--  Passengers Table Header1 is : Mobile Expected is : Mobile]]>
            </line>
            <line>
              <![CDATA[------  Next button is not enabled by default showing Last page results]]>
            </line>
            <line>
              <![CDATA[------  Navigation Next is Verified]]>
            </line>
            <line>
              <![CDATA[------  Previous button is not enabled by default showing 1st page results]]>
            </line>
            <line>
              <![CDATA[------  Navigation Previous is Verified]]>
            </line>
            <line>
              <![CDATA[Expected : Docket Actual : Docket]]>
            </line>
            <line>
              <![CDATA[--  Dockets Table Header1 is : PNR # Expected is : PNR #]]>
            </line>
            <line>
              <![CDATA[--  Dockets Table Header1 is : Contact Name Expected is : Contact Name]]>
            </line>
            <line>
              <![CDATA[--  Dockets TablesearchPlaceHolder is : Contact Name Expected is : Contact Name]]>
            </line>
            <line>
              <![CDATA[--  Dockets Table Header1 is : Created On Expected is : Created On]]>
            </line>
            <line>
              <![CDATA[--  Dockets Table Header1 is : Airline Expected is : Airline]]>
            </line>
            <line>
              <![CDATA[--  Dockets Table Header1 is : Agent Expected is : Agent]]>
            </line>
            <line>
              <![CDATA[--  Dockets Table Header1 is : Sales Price ($) Expected is : Sales Price ($)]]>
            </line>
            <line>
              <![CDATA[--  Dockets Table Header1 is : Cost Price ($) Expected is : Cost Price ($)]]>
            </line>
            <line>
              <![CDATA[--  Dockets Table Header1 is : Commision Price($) Expected is : Commision Price($)]]>
            </line>
            <line>
              <![CDATA[--  Dockets Table Header1 is : Payment Status Expected is : Payment Status]]>
            </line>
            <line>
              <![CDATA[------  Next button is not enabled by default showing Last page results]]>
            </line>
            <line>
              <![CDATA[------  Navigation Next is Verified]]>
            </line>
            <line>
              <![CDATA[------  Previous button is not enabled by default showing 1st page results]]>
            </line>
            <line>
              <![CDATA[------  Navigation Previous is Verified]]>
            </line>
            <line>
              <![CDATA[Expected : Docket Actual : Docket]]>
            </line>
            <line>
              <![CDATA[--  Dockets Table Header1 is : PNR # Expected is : PNR #]]>
            </line>
            <line>
              <![CDATA[--  Dockets Table Header1 is : Contact Name Expected is : Contact Name]]>
            </line>
            <line>
              <![CDATA[--  Dockets TablesearchPlaceHolder is : Contact Name Expected is : Contact Name]]>
            </line>
            <line>
              <![CDATA[--  Dockets Table Header1 is : Created On Expected is : Created On]]>
            </line>
            <line>
              <![CDATA[--  Dockets Table Header1 is : Airline Expected is : Airline]]>
            </line>
            <line>
              <![CDATA[--  Dockets Table Header1 is : Agent Expected is : Agent]]>
            </line>
            <line>
              <![CDATA[--  Dockets Table Header1 is : Sales Price ($) Expected is : Sales Price ($)]]>
            </line>
            <line>
              <![CDATA[--  Dockets Table Header1 is : Cost Price ($) Expected is : Cost Price ($)]]>
            </line>
            <line>
              <![CDATA[--  Dockets Table Header1 is : Commision Price($) Expected is : Commision Price($)]]>
            </line>
            <line>
              <![CDATA[--  Dockets Table Header1 is : Payment Status Expected is : Payment Status]]>
            </line>
            <line>
              <![CDATA[------  Next button is not enabled by default showing Last page results]]>
            </line>
            <line>
              <![CDATA[------  Navigation Next is Verified]]>
            </line>
            <line>
              <![CDATA[------  Previous button is not enabled by default showing 1st page results]]>
            </line>
            <line>
              <![CDATA[------  Navigation Previous is Verified]]>
            </line>
            <line>
              <![CDATA[Expected : Docket Actual : Docket]]>
            </line>
            <line>
              <![CDATA[--  Dockets Table Header1 is : PNR # Expected is : PNR #]]>
            </line>
            <line>
              <![CDATA[--  Dockets Table Header1 is : Contact Name Expected is : Contact Name]]>
            </line>
            <line>
              <![CDATA[--  Dockets TablesearchPlaceHolder is : Contact Name Expected is : Contact Name]]>
            </line>
            <line>
              <![CDATA[--  Dockets Table Header1 is : Created On Expected is : Created On]]>
            </line>
            <line>
              <![CDATA[--  Dockets Table Header1 is : Airline Expected is : Airline]]>
            </line>
            <line>
              <![CDATA[--  Dockets Table Header1 is : Agent Expected is : Agent]]>
            </line>
            <line>
              <![CDATA[--  Dockets Table Header1 is : Sales Price ($) Expected is : Sales Price ($)]]>
            </line>
            <line>
              <![CDATA[--  Dockets Table Header1 is : Cost Price ($) Expected is : Cost Price ($)]]>
            </line>
            <line>
              <![CDATA[--  Dockets Table Header1 is : Commision Price($) Expected is : Commision Price($)]]>
            </line>
            <line>
              <![CDATA[--  Dockets Table Header1 is : Payment Status Expected is : Payment Status]]>
            </line>
            <line>
              <![CDATA[------  Next button is not enabled by default showing Last page results]]>
            </line>
            <line>
              <![CDATA[------  Navigation Next is Verified]]>
            </line>
            <line>
              <![CDATA[------  Previous button is not enabled by default showing 1st page results]]>
            </line>
            <line>
              <![CDATA[------  Navigation Previous is Verified]]>
            </line>
            <line>
              <![CDATA[Expected : Payments Done Actual : Payments Done]]>
            </line>
            <line>
              <![CDATA[--  Payment Table Header1 is : PNR Expected is : PNR]]>
            </line>
            <line>
              <![CDATA[--  Payment Table Header1 is : Contact Name Expected is : Contact Name]]>
            </line>
            <line>
              <![CDATA[--  Payment Table Header1 is : Payment Method Expected is : Payment Method]]>
            </line>
            <line>
              <![CDATA[--  Payment Table Header1 is : Payment Status Expected is : Payment Status]]>
            </line>
            <line>
              <![CDATA[--  Payment Table Header1 is : Pay Amount Expected is : Pay Amount]]>
            </line>
            <line>
              <![CDATA[------  Next button is not enabled by default showing Last page results]]>
            </line>
            <line>
              <![CDATA[------  Navigation Next is Verified]]>
            </line>
            <line>
              <![CDATA[------  Previous button is not enabled by default showing 1st page results]]>
            </line>
            <line>
              <![CDATA[------  Navigation Previous is Verified]]>
            </line>
            <line>
              <![CDATA[Expected : Pending Payments Actual : Pending Payments]]>
            </line>
            <line>
              <![CDATA[--  Payment Table Header1 is : PNR Expected is : PNR]]>
            </line>
            <line>
              <![CDATA[--  Payment Table Header1 is : Contact Name Expected is : Contact Name]]>
            </line>
            <line>
              <![CDATA[--  Payment Table Header1 is : Payment Method Expected is : Payment Method]]>
            </line>
            <line>
              <![CDATA[--  Payment Table Header1 is : Payment Status Expected is : Payment Status]]>
            </line>
            <line>
              <![CDATA[--  Payment Table Header1 is : Pay Amount Expected is : Pay Amount]]>
            </line>
            <line>
              <![CDATA[------  Next button is not enabled by default showing Last page results]]>
            </line>
            <line>
              <![CDATA[------  Navigation Next is Verified]]>
            </line>
            <line>
              <![CDATA[------  Previous button is not enabled by default showing 1st page results]]>
            </line>
            <line>
              <![CDATA[------  Navigation Previous is Verified]]>
            </line>
          </reporter-output>
        </test-method> <!-- cardblockswithSelectionsValidation -->
      </class> <!-- Demo.TAMSProject.TAMSDashboard -->
    </test> <!-- Default test -->
  </suite> <!-- Default suite -->
</testng-results>
