<?xml version="1.0" encoding="UTF-8"?>
<!-- Generated by org.testng.reporters.JUnitXMLReporter -->
<testsuite ignored="0" hostname="DESKTOP-BV8OKQ2" failures="0" tests="5" name="Default test" time="108.814" errors="0" timestamp="2024-10-15T12:06:53 IST">
  <testcase classname="Demo.TAMSProject.TAMSDairy" name="weblaunch" time="36.797"/>
  <testcase classname="Demo.TAMSProject.TAMSDairy" name="zoomout75" time="0.66"/>
  <testcase classname="Demo.TAMSProject.TAMSDairy" name="login" time="37.906"/>
  <testcase classname="Demo.TAMSProject.TAMSDairy" name="TAMSDairyOverview" time="11.202"/>
  <testcase classname="Demo.TAMSProject.TAMSDairy" name="TAMSDairyDatepicking" time="22.171"/>
</testsuite> <!-- Default test -->
