<?xml version="1.0" encoding="UTF-8"?>
<!-- Generated by org.testng.reporters.JUnitXMLReporter -->
<testsuite ignored="0" hostname="DESKTOP-BV8OKQ2" failures="0" tests="6" name="Default test" time="140.266" errors="0" timestamp="2024-10-16T13:02:20 IST">
  <testcase classname="Demo.TAMSProject.TAMSDairy" name="weblaunch" time="25.832"/>
  <testcase classname="Demo.TAMSProject.TAMSDairy" name="zoomout75" time="1.187"/>
  <testcase classname="Demo.TAMSProject.TAMSDairy" name="login" time="16.023"/>
  <testcase classname="Demo.TAMSProject.TAMSDairy" name="TAMSDairyOverview" time="18.869"/>
  <testcase classname="Demo.TAMSProject.TAMSDairy" name="TAMSDairyDatepicking" time="23.335"/>
  <testcase classname="Demo.TAMSProject.TAMSDairy" name="TAMSDairyEventContainers" time="54.939"/>
</testsuite> <!-- Default test -->
